<?xml version="1.0" encoding="UTF-8"?>
<!-- Generated by org.testng.reporters.JUnitReportReporter -->
<testsuite hostname="Rezwan" failures="0" tests="6" name="tests.Product_Controller" time="2.030" errors="0" timestamp="2023-03-18T12:15:24 EDT" skipped="0">
  <testcase classname="tests.Product_Controller" name="CreateProduct" time="1.487"/>
  <system-out/>
  <testcase classname="tests.Product_Controller" name="getProductById" time="0.097"/>
  <system-out/>
  <testcase classname="tests.Product_Controller" name="updateProduct" time="0.138"/>
  <system-out/>
  <testcase classname="tests.Product_Controller" name="newGetProductById" time="0.130"/>
  <system-out/>
  <testcase classname="tests.Product_Controller" name="deleteProduct" time="0.090"/>
  <system-out/>
  <testcase classname="tests.Product_Controller" name="GetDeletedProductById" time="0.088"/>
  <system-out/>
</testsuite> <!-- tests.Product_Controller -->
