<?xml version="1.0" encoding="UTF-8"?>
<!-- Generated by org.testng.reporters.JUnitReportReporter -->
<testsuite hostname="Rezwan" failures="0" tests="1" name="tests.Parsing_Json_Response" time="1.480" errors="0" timestamp="2023-03-20T00:21:01 EDT" skipped="0">
  <testcase classname="tests.Parsing_Json_Response" name="parsingProductCategory" time="1.480"/>
  <system-out/>
</testsuite> <!-- tests.Parsing_Json_Response -->
