<?xml version="1.0" encoding="UTF-8"?>
<!-- Generated by org.testng.reporters.JUnitReportReporter -->
<testsuite hostname="Rezwan" failures="0" tests="4" name="tests.Product_Category" time="1.730" errors="0" timestamp="2023-03-16T11:31:27 EDT" skipped="3">
  <testcase classname="tests.Product_Category" name="createProductCategory_ValidateResponse" time="1.730"/>
  <system-out/>
  <testcase classname="tests.Product_Category" name="getAllProduct">
    <skipped/>
  </testcase> <!-- getAllProduct -->
  <system-out/>
  <testcase classname="tests.Product_Category" name="deleteProduct">
    <skipped/>
  </testcase> <!-- deleteProduct -->
  <system-out/>
  <testcase classname="tests.Product_Category" name="getSingleProduct_WhichIsAlreadyDeleted">
    <skipped/>
  </testcase> <!-- getSingleProduct_WhichIsAlreadyDeleted -->
  <system-out/>
</testsuite> <!-- tests.Product_Category -->
