<?xml version="1.0" encoding="UTF-8"?>
<!-- Generated by org.testng.reporters.JUnitReportReporter -->
<testsuite hostname="Rezwan" failures="0" tests="8" name="tests.Auth_Controller_Crud" time="4.578" errors="0" timestamp="2023-03-24T00:16:25 EDT" skipped="0">
  <testcase classname="tests.Auth_Controller_Crud" name="get_all_users_functionality" time="3.225"/>
  <system-out/>
  <testcase classname="tests.Auth_Controller_Crud" name="register_users" time="0.635"/>
  <system-out/>
  <testcase classname="tests.Auth_Controller_Crud" name="create_authentic_user" time="0.211"/>
  <system-out/>
  <testcase classname="tests.Auth_Controller_Crud" name="get_user" time="0.109"/>
  <system-out/>
  <testcase classname="tests.Auth_Controller_Crud" name="update_user" time="0.092"/>
  <system-out/>
  <testcase classname="tests.Auth_Controller_Crud" name="getuser" time="0.118"/>
  <system-out/>
  <testcase classname="tests.Auth_Controller_Crud" name="delete_user" time="0.106"/>
  <system-out/>
  <testcase classname="tests.Auth_Controller_Crud" name="get_deleted_user" time="0.082"/>
  <system-out/>
</testsuite> <!-- tests.Auth_Controller_Crud -->
