<?xml version="1.0" encoding="UTF-8"?>
<!-- Generated by org.testng.reporters.JUnitReportReporter -->
<testsuite hostname="Rezwan" failures="0" tests="6" name="tests.Product_Category_Crud" time="2.830" errors="0" timestamp="2023-03-15T11:27:26 EDT" skipped="0">
  <testcase classname="tests.Product_Category_Crud" name="post_product_category_functionality" time="2.048"/>
  <system-out/>
  <testcase classname="tests.Product_Category_Crud" name="get_product_category_byId" time="0.202"/>
  <system-out/>
  <testcase classname="tests.Product_Category_Crud" name="update_product_category" time="0.289"/>
  <system-out/>
  <testcase classname="tests.Product_Category_Crud" name="get_update_product_category_byId" time="0.101"/>
  <system-out/>
  <testcase classname="tests.Product_Category_Crud" name="delete_product_category" time="0.097"/>
  <system-out/>
  <testcase classname="tests.Product_Category_Crud" name="get_deleted_product_category" time="0.093"/>
  <system-out/>
</testsuite> <!-- tests.Product_Category_Crud -->
