<?xml version="1.0" encoding="UTF-8"?>
<!-- Generated by org.testng.reporters.JUnitReportReporter -->
<testsuite hostname="Rezwan" failures="0" tests="4" name="tests.Auth_Controller" time="5.106" errors="0" timestamp="2023-03-15T01:00:04 EDT" skipped="0">
  <testcase classname="tests.Auth_Controller" name="signUp" time="3.680"/>
  <system-out/>
  <testcase classname="tests.Auth_Controller" name="signin" time="0.808"/>
  <system-out/>
  <testcase classname="tests.Auth_Controller" name="getOneUser" time="0.520"/>
  <system-out/>
  <testcase classname="tests.Auth_Controller" name="updateUser" time="0.098"/>
  <system-out/>
</testsuite> <!-- tests.Auth_Controller -->
